2016-03-17T08:49:23.257+0000	connected to: localhost
2016-03-17T08:49:23.258+0000	exported 17 records
2016-03-17T08:49:23.266+0000	connected to: localhost
2016-03-17T08:49:23.414+0000	exported 5834 records
2016-03-17T08:49:23.422+0000	connected to: localhost
2016-03-17T08:49:23.431+0000	exported 440 records
2016-03-17T08:49:23.438+0000	connected to: localhost
2016-03-17T08:49:23.438+0000	exported 7 records
2016-03-17T08:49:23.445+0000	connected to: localhost
2016-03-17T08:49:23.446+0000	exported 0 records
2016-03-17T08:49:23.452+0000	connected to: localhost
2016-03-17T08:49:23.455+0000	exported 80 records
2016-03-17T08:49:23.462+0000	connected to: localhost
2016-03-17T08:49:23.465+0000	exported 66 records
2016-03-17T08:49:23.472+0000	connected to: localhost
2016-03-17T08:49:23.537+0000	exported 876 records
2016-03-17T08:49:23.545+0000	connected to: localhost
2016-03-17T08:49:23.545+0000	exported 0 records
2016-03-17T08:49:23.553+0000	connected to: localhost
2016-03-17T08:49:23.555+0000	exported 21 records
2016-03-17T08:49:23.562+0000	connected to: localhost
2016-03-17T08:49:23.562+0000	exported 3 records
2016-03-17T08:49:23.569+0000	connected to: localhost
2016-03-17T08:49:23.570+0000	exported 31 records
2016-03-17T08:49:23.577+0000	connected to: localhost
2016-03-17T08:49:23.578+0000	exported 1 record
2016-03-17T08:49:23.585+0000	connected to: localhost
2016-03-17T08:49:23.588+0000	exported 163 records
2016-03-17T08:49:23.595+0000	connected to: localhost
2016-03-17T08:49:23.595+0000	exported 3 records
2016-03-17T08:49:23.602+0000	connected to: localhost
2016-03-17T08:49:23.603+0000	exported 1 record
2016-03-17T08:49:23.610+0000	connected to: localhost
2016-03-17T08:49:23.610+0000	exported 3 records
2016-03-17T08:49:23.617+0000	connected to: localhost
2016-03-17T08:49:23.617+0000	exported 4 records
2016-03-17T08:49:23.624+0000	connected to: localhost
2016-03-17T08:49:23.625+0000	exported 0 records
2016-03-17T08:49:23.631+0000	connected to: localhost
2016-03-17T08:49:23.632+0000	exported 0 records
2016-03-17T08:49:23.639+0000	connected to: localhost
2016-03-17T08:49:23.751+0000	exported 5157 records
2016-03-17T08:49:23.759+0000	connected to: localhost
2016-03-17T08:49:23.763+0000	exported 61 records
2016-03-17T08:49:23.770+0000	connected to: localhost
2016-03-17T08:49:23.951+0000	exported 848 records
2016-03-17T08:49:23.959+0000	connected to: localhost
2016-03-17T08:49:23.960+0000	exported 2 records
2016-03-17T08:49:23.967+0000	connected to: localhost
2016-03-17T08:49:23.971+0000	exported 133 records
2016-03-17T08:49:23.979+0000	connected to: localhost
2016-03-17T08:49:23.979+0000	exported 0 records
2016-03-17T08:49:23.986+0000	connected to: localhost
2016-03-17T08:49:23.987+0000	exported 2 records
2016-03-17T08:49:23.994+0000	connected to: localhost
2016-03-17T08:49:24.167+0000	exported 835 records
2016-03-17T08:49:24.176+0000	connected to: localhost
2016-03-17T08:49:24.176+0000	exported 6 records
2016-03-17T08:49:24.184+0000	connected to: localhost
2016-03-17T08:49:24.185+0000	exported 5 records
2016-03-17T08:49:24.192+0000	connected to: localhost
2016-03-17T08:49:24.192+0000	exported 1 record
2016-03-17T08:49:24.199+0000	connected to: localhost
2016-03-17T08:49:24.199+0000	exported 2 records
2016-03-17T08:49:24.207+0000	connected to: localhost
2016-03-17T08:49:26.639+0000	exported 115960 records
2016-03-17T08:49:26.648+0000	connected to: localhost
2016-03-17T08:49:26.667+0000	exported 667 records
2016-03-17T08:49:26.674+0000	connected to: localhost
2016-03-17T08:49:26.695+0000	exported 909 records
2016-03-17T08:49:26.703+0000	connected to: localhost
2016-03-17T08:49:26.724+0000	exported 751 records
2016-03-17T08:49:26.731+0000	connected to: localhost
2016-03-17T08:49:29.839+0000	exported 41524 records
2016-03-17T08:49:29.849+0000	connected to: localhost
2016-03-17T08:49:31.853+0000	exported 93960 records
[master 9c4b877] udpate db
 Committer: Cloud User <centos@ip-172-31-8-66.ec2.internal>
Your name and email address were configured automatically based
on your username and hostname. Please check that they are accurate.
You can suppress this message by setting them explicitly:

    git config --global user.name "Your Name"
    git config --global user.email you@example.com

After doing this, you may fix the identity used for this commit with:

    git commit --amend --reset-author

 40 files changed, 268451 insertions(+), 2 deletions(-)
 create mode 100644 03_17_2016_1458204563/answerquizz.json
 create mode 100644 03_17_2016_1458204563/attribute.json
 create mode 100644 03_17_2016_1458204563/attribute_value.json
 create mode 100644 03_17_2016_1458204563/banner.json
 create mode 100644 03_17_2016_1458204563/card.json
 create mode 100644 03_17_2016_1458204563/cart.json
 create mode 100644 03_17_2016_1458204563/categories.json
 create mode 100644 03_17_2016_1458204563/cfs._tempstore.json
 create mode 100644 03_17_2016_1458204563/cfs.images.filerecord.json
 create mode 100644 03_17_2016_1458204563/contents.json
 create mode 100644 03_17_2016_1458204563/contents_type.json
 create mode 100644 03_17_2016_1458204563/daily.json
 create mode 100644 03_17_2016_1458204563/discount.json
 create mode 100644 03_17_2016_1458204563/favorite.json
 create mode 100644 03_17_2016_1458204563/journey.json
 create mode 100644 03_17_2016_1458204563/linkselling.json
 create mode 100644 03_17_2016_1458204563/list_product.json
 create mode 100644 03_17_2016_1458204563/meteor_accounts_loginServiceConfiguration.json
 create mode 100644 03_17_2016_1458204563/meteor_oauth_pendingCredentials.json
 create mode 100644 03_17_2016_1458204563/meteor_oauth_pendingRequestTokens.json
 create mode 100644 03_17_2016_1458204563/mouse.json
 create mode 100644 03_17_2016_1458204563/order.json
 create mode 100644 03_17_2016_1458204563/p2.json
 create mode 100644 03_17_2016_1458204563/parent_tags.json
 create mode 100644 03_17_2016_1458204563/parentattr.json
 create mode 100644 03_17_2016_1458204563/payment.json
 create mode 100644 03_17_2016_1458204563/posts.json
 create mode 100644 03_17_2016_1458204563/products.json
 create mode 100644 03_17_2016_1458204563/question.json
 create mode 100644 03_17_2016_1458204563/quizz.json
 create mode 100644 03_17_2016_1458204563/roles.json
 create mode 100644 03_17_2016_1458204563/shops.json
 create mode 100644 03_17_2016_1458204563/stock.json
 create mode 100644 03_17_2016_1458204563/tags.json
 create mode 100644 03_17_2016_1458204563/tracking.json
 create mode 100644 03_17_2016_1458204563/translation.json
 create mode 100644 03_17_2016_1458204563/userTracking.json
 create mode 100644 03_17_2016_1458204563/users.json
 create mode 100644 nohup.out
warning: push.default is unset; its implicit value is changing in
Git 2.0 from 'matching' to 'simple'. To squelch this message
and maintain the current behavior after the default changes, use:

  git config --global push.default matching

To squelch this message and adopt the new behavior now, use:

  git config --global push.default simple

See 'git help config' and search for 'push.default' for further information.
(the 'simple' mode was introduced in Git 1.7.11. Use the similar mode
'current' instead of 'simple' if you sometimes use older versions of Git)

To https://lengsophy:sophyleng1267437611@github.com/lengsophy/jsonbackup.git
   1e55a6b..9c4b877  master -> master
2016-03-17T08:51:36.592+0000	connected to: localhost
2016-03-17T08:51:36.593+0000	exported 17 records
2016-03-17T08:51:36.600+0000	connected to: localhost
2016-03-17T08:51:36.752+0000	exported 5834 records
2016-03-17T08:51:36.760+0000	connected to: localhost
2016-03-17T08:51:36.769+0000	exported 440 records
2016-03-17T08:51:36.777+0000	connected to: localhost
2016-03-17T08:51:36.777+0000	exported 7 records
2016-03-17T08:51:36.784+0000	connected to: localhost
2016-03-17T08:51:36.784+0000	exported 0 records
2016-03-17T08:51:36.792+0000	connected to: localhost
2016-03-17T08:51:36.795+0000	exported 80 records
2016-03-17T08:51:36.802+0000	connected to: localhost
2016-03-17T08:51:36.805+0000	exported 66 records
2016-03-17T08:51:36.812+0000	connected to: localhost
2016-03-17T08:51:36.877+0000	exported 876 records
2016-03-17T08:51:36.885+0000	connected to: localhost
2016-03-17T08:51:36.885+0000	exported 0 records
2016-03-17T08:51:36.893+0000	connected to: localhost
2016-03-17T08:51:36.895+0000	exported 21 records
2016-03-17T08:51:36.902+0000	connected to: localhost
2016-03-17T08:51:36.902+0000	exported 3 records
2016-03-17T08:51:36.909+0000	connected to: localhost
2016-03-17T08:51:36.910+0000	exported 31 records
2016-03-17T08:51:36.917+0000	connected to: localhost
2016-03-17T08:51:36.918+0000	exported 1 record
2016-03-17T08:51:36.924+0000	connected to: localhost
2016-03-17T08:51:36.928+0000	exported 163 records
2016-03-17T08:51:36.935+0000	connected to: localhost
2016-03-17T08:51:36.935+0000	exported 3 records
2016-03-17T08:51:36.942+0000	connected to: localhost
2016-03-17T08:51:36.942+0000	exported 1 record
2016-03-17T08:51:36.949+0000	connected to: localhost
2016-03-17T08:51:36.949+0000	exported 3 records
2016-03-17T08:51:36.956+0000	connected to: localhost
2016-03-17T08:51:36.957+0000	exported 4 records
2016-03-17T08:51:36.963+0000	connected to: localhost
2016-03-17T08:51:36.964+0000	exported 0 records
2016-03-17T08:51:36.972+0000	connected to: localhost
2016-03-17T08:51:36.972+0000	exported 0 records
2016-03-17T08:51:36.979+0000	connected to: localhost
2016-03-17T08:51:37.091+0000	exported 5157 records
2016-03-17T08:51:37.103+0000	connected to: localhost
2016-03-17T08:51:37.107+0000	exported 61 records
2016-03-17T08:51:37.115+0000	connected to: localhost
2016-03-17T08:51:37.293+0000	exported 848 records
2016-03-17T08:51:37.302+0000	connected to: localhost
2016-03-17T08:51:37.302+0000	exported 2 records
2016-03-17T08:51:37.309+0000	connected to: localhost
2016-03-17T08:51:37.314+0000	exported 133 records
2016-03-17T08:51:37.321+0000	connected to: localhost
2016-03-17T08:51:37.321+0000	exported 0 records
2016-03-17T08:51:37.328+0000	connected to: localhost
2016-03-17T08:51:37.329+0000	exported 2 records
2016-03-17T08:51:37.335+0000	connected to: localhost
2016-03-17T08:51:37.508+0000	exported 835 records
2016-03-17T08:51:37.517+0000	connected to: localhost
2016-03-17T08:51:37.517+0000	exported 6 records
2016-03-17T08:51:37.524+0000	connected to: localhost
2016-03-17T08:51:37.525+0000	exported 5 records
2016-03-17T08:51:37.532+0000	connected to: localhost
2016-03-17T08:51:37.532+0000	exported 1 record
2016-03-17T08:51:37.559+0000	connected to: localhost
2016-03-17T08:51:37.559+0000	exported 2 records
2016-03-17T08:51:37.610+0000	connected to: localhost
2016-03-17T08:51:40.361+0000	exported 115960 records
2016-03-17T08:51:40.371+0000	connected to: localhost
2016-03-17T08:51:40.389+0000	exported 667 records
2016-03-17T08:51:40.397+0000	connected to: localhost
2016-03-17T08:51:40.417+0000	exported 909 records
2016-03-17T08:51:40.424+0000	connected to: localhost
2016-03-17T08:51:40.445+0000	exported 751 records
2016-03-17T08:51:40.453+0000	connected to: localhost
2016-03-17T08:51:42.965+0000	exported 41524 records
2016-03-17T08:51:42.974+0000	connected to: localhost
2016-03-17T08:51:44.920+0000	exported 93960 records
[master 1c8ec88] udpate db
 Committer: Cloud User <centos@ip-172-31-8-66.ec2.internal>
Your name and email address were configured automatically based
on your username and hostname. Please check that they are accurate.
You can suppress this message by setting them explicitly:

    git config --global user.name "Your Name"
    git config --global user.email you@example.com

After doing this, you may fix the identity used for this commit with:

    git commit --amend --reset-author

 39 files changed, 268518 insertions(+)
 create mode 100644 03_17_2016_1458204696/answerquizz.json
 create mode 100644 03_17_2016_1458204696/attribute.json
 create mode 100644 03_17_2016_1458204696/attribute_value.json
 create mode 100644 03_17_2016_1458204696/banner.json
 create mode 100644 03_17_2016_1458204696/card.json
 create mode 100644 03_17_2016_1458204696/cart.json
 create mode 100644 03_17_2016_1458204696/categories.json
 create mode 100644 03_17_2016_1458204696/cfs._tempstore.json
 create mode 100644 03_17_2016_1458204696/cfs.images.filerecord.json
 create mode 100644 03_17_2016_1458204696/contents.json
 create mode 100644 03_17_2016_1458204696/contents_type.json
 create mode 100644 03_17_2016_1458204696/daily.json
 create mode 100644 03_17_2016_1458204696/discount.json
 create mode 100644 03_17_2016_1458204696/favorite.json
 create mode 100644 03_17_2016_1458204696/journey.json
 create mode 100644 03_17_2016_1458204696/linkselling.json
 create mode 100644 03_17_2016_1458204696/list_product.json
 create mode 100644 03_17_2016_1458204696/meteor_accounts_loginServiceConfiguration.json
 create mode 100644 03_17_2016_1458204696/meteor_oauth_pendingCredentials.json
 create mode 100644 03_17_2016_1458204696/meteor_oauth_pendingRequestTokens.json
 create mode 100644 03_17_2016_1458204696/mouse.json
 create mode 100644 03_17_2016_1458204696/order.json
 create mode 100644 03_17_2016_1458204696/p2.json
 create mode 100644 03_17_2016_1458204696/parent_tags.json
 create mode 100644 03_17_2016_1458204696/parentattr.json
 create mode 100644 03_17_2016_1458204696/payment.json
 create mode 100644 03_17_2016_1458204696/posts.json
 create mode 100644 03_17_2016_1458204696/products.json
 create mode 100644 03_17_2016_1458204696/question.json
 create mode 100644 03_17_2016_1458204696/quizz.json
 create mode 100644 03_17_2016_1458204696/roles.json
 create mode 100644 03_17_2016_1458204696/shops.json
 create mode 100644 03_17_2016_1458204696/stock.json
 create mode 100644 03_17_2016_1458204696/tags.json
 create mode 100644 03_17_2016_1458204696/tracking.json
 create mode 100644 03_17_2016_1458204696/translation.json
 create mode 100644 03_17_2016_1458204696/userTracking.json
 create mode 100644 03_17_2016_1458204696/users.json
warning: push.default is unset; its implicit value is changing in
Git 2.0 from 'matching' to 'simple'. To squelch this message
and maintain the current behavior after the default changes, use:

  git config --global push.default matching

To squelch this message and adopt the new behavior now, use:

  git config --global push.default simple

See 'git help config' and search for 'push.default' for further information.
(the 'simple' mode was introduced in Git 1.7.11. Use the similar mode
'current' instead of 'simple' if you sometimes use older versions of Git)

To https://lengsophy:sophyleng1267437611@github.com/lengsophy/jsonbackup.git
   9c4b877..1c8ec88  master -> master
2016-03-17T08:53:46.322+0000	connected to: localhost
2016-03-17T08:53:46.324+0000	exported 17 records
2016-03-17T08:53:46.331+0000	connected to: localhost
2016-03-17T08:53:46.480+0000	exported 5834 records
2016-03-17T08:53:46.488+0000	connected to: localhost
2016-03-17T08:53:46.496+0000	exported 440 records
2016-03-17T08:53:46.504+0000	connected to: localhost
2016-03-17T08:53:46.504+0000	exported 7 records
2016-03-17T08:53:46.511+0000	connected to: localhost
2016-03-17T08:53:46.511+0000	exported 0 records
2016-03-17T08:53:46.518+0000	connected to: localhost
2016-03-17T08:53:46.521+0000	exported 80 records
2016-03-17T08:53:46.530+0000	connected to: localhost
2016-03-17T08:53:46.533+0000	exported 66 records
2016-03-17T08:53:46.540+0000	connected to: localhost
2016-03-17T08:53:46.605+0000	exported 876 records
2016-03-17T08:53:46.613+0000	connected to: localhost
2016-03-17T08:53:46.613+0000	exported 0 records
2016-03-17T08:53:46.620+0000	connected to: localhost
2016-03-17T08:53:46.622+0000	exported 21 records
2016-03-17T08:53:46.629+0000	connected to: localhost
2016-03-17T08:53:46.630+0000	exported 3 records
2016-03-17T08:53:46.637+0000	connected to: localhost
2016-03-17T08:53:46.638+0000	exported 31 records
2016-03-17T08:53:46.645+0000	connected to: localhost
2016-03-17T08:53:46.645+0000	exported 1 record
2016-03-17T08:53:46.652+0000	connected to: localhost
2016-03-17T08:53:46.655+0000	exported 163 records
2016-03-17T08:53:46.662+0000	connected to: localhost
2016-03-17T08:53:46.663+0000	exported 3 records
2016-03-17T08:53:46.670+0000	connected to: localhost
2016-03-17T08:53:46.670+0000	exported 1 record
2016-03-17T08:53:46.677+0000	connected to: localhost
2016-03-17T08:53:46.678+0000	exported 3 records
2016-03-17T08:53:46.685+0000	connected to: localhost
2016-03-17T08:53:46.685+0000	exported 4 records
2016-03-17T08:53:46.692+0000	connected to: localhost
2016-03-17T08:53:46.692+0000	exported 0 records
2016-03-17T08:53:46.699+0000	connected to: localhost
2016-03-17T08:53:46.700+0000	exported 0 records
2016-03-17T08:53:46.707+0000	connected to: localhost
2016-03-17T08:53:46.817+0000	exported 5157 records
2016-03-17T08:53:46.826+0000	connected to: localhost
2016-03-17T08:53:46.830+0000	exported 61 records
2016-03-17T08:53:46.837+0000	connected to: localhost
2016-03-17T08:53:47.022+0000	exported 848 records
2016-03-17T08:53:47.030+0000	connected to: localhost
2016-03-17T08:53:47.031+0000	exported 2 records
2016-03-17T08:53:47.038+0000	connected to: localhost
2016-03-17T08:53:47.042+0000	exported 133 records
2016-03-17T08:53:47.050+0000	connected to: localhost
2016-03-17T08:53:47.050+0000	exported 0 records
2016-03-17T08:53:47.057+0000	connected to: localhost
2016-03-17T08:53:47.057+0000	exported 2 records
2016-03-17T08:53:47.064+0000	connected to: localhost
2016-03-17T08:53:47.239+0000	exported 835 records
2016-03-17T08:53:47.248+0000	connected to: localhost
2016-03-17T08:53:47.248+0000	exported 6 records
2016-03-17T08:53:47.255+0000	connected to: localhost
2016-03-17T08:53:47.256+0000	exported 5 records
2016-03-17T08:53:47.265+0000	connected to: localhost
2016-03-17T08:53:47.265+0000	exported 1 record
2016-03-17T08:53:47.272+0000	connected to: localhost
2016-03-17T08:53:47.272+0000	exported 2 records
2016-03-17T08:53:47.279+0000	connected to: localhost
2016-03-17T08:53:50.092+0000	exported 115960 records
2016-03-17T08:53:50.101+0000	connected to: localhost
2016-03-17T08:53:50.120+0000	exported 667 records
2016-03-17T08:53:50.128+0000	connected to: localhost
2016-03-17T08:53:50.149+0000	exported 909 records
2016-03-17T08:53:50.157+0000	connected to: localhost
2016-03-17T08:53:50.178+0000	exported 751 records
2016-03-17T08:53:50.186+0000	connected to: localhost
2016-03-17T08:53:52.703+0000	exported 41524 records
2016-03-17T08:53:52.713+0000	connected to: localhost
2016-03-17T08:53:54.663+0000	exported 93960 records
[master be90df1] udpate db
 Committer: Cloud User <centos@ip-172-31-8-66.ec2.internal>
Your name and email address were configured automatically based
on your username and hostname. Please check that they are accurate.
You can suppress this message by setting them explicitly:

    git config --global user.name "Your Name"
    git config --global user.email you@example.com

After doing this, you may fix the identity used for this commit with:

    git commit --amend --reset-author

 39 files changed, 268517 insertions(+)
 create mode 100644 03_17_2016_1458204826/answerquizz.json
 create mode 100644 03_17_2016_1458204826/attribute.json
 create mode 100644 03_17_2016_1458204826/attribute_value.json
 create mode 100644 03_17_2016_1458204826/banner.json
 create mode 100644 03_17_2016_1458204826/card.json
 create mode 100644 03_17_2016_1458204826/cart.json
 create mode 100644 03_17_2016_1458204826/categories.json
 create mode 100644 03_17_2016_1458204826/cfs._tempstore.json
 create mode 100644 03_17_2016_1458204826/cfs.images.filerecord.json
 create mode 100644 03_17_2016_1458204826/contents.json
 create mode 100644 03_17_2016_1458204826/contents_type.json
 create mode 100644 03_17_2016_1458204826/daily.json
 create mode 100644 03_17_2016_1458204826/discount.json
 create mode 100644 03_17_2016_1458204826/favorite.json
 create mode 100644 03_17_2016_1458204826/journey.json
 create mode 100644 03_17_2016_1458204826/linkselling.json
 create mode 100644 03_17_2016_1458204826/list_product.json
 create mode 100644 03_17_2016_1458204826/meteor_accounts_loginServiceConfiguration.json
 create mode 100644 03_17_2016_1458204826/meteor_oauth_pendingCredentials.json
 create mode 100644 03_17_2016_1458204826/meteor_oauth_pendingRequestTokens.json
 create mode 100644 03_17_2016_1458204826/mouse.json
 create mode 100644 03_17_2016_1458204826/order.json
 create mode 100644 03_17_2016_1458204826/p2.json
 create mode 100644 03_17_2016_1458204826/parent_tags.json
 create mode 100644 03_17_2016_1458204826/parentattr.json
 create mode 100644 03_17_2016_1458204826/payment.json
 create mode 100644 03_17_2016_1458204826/posts.json
 create mode 100644 03_17_2016_1458204826/products.json
 create mode 100644 03_17_2016_1458204826/question.json
 create mode 100644 03_17_2016_1458204826/quizz.json
 create mode 100644 03_17_2016_1458204826/roles.json
 create mode 100644 03_17_2016_1458204826/shops.json
 create mode 100644 03_17_2016_1458204826/stock.json
 create mode 100644 03_17_2016_1458204826/tags.json
 create mode 100644 03_17_2016_1458204826/tracking.json
 create mode 100644 03_17_2016_1458204826/translation.json
 create mode 100644 03_17_2016_1458204826/userTracking.json
 create mode 100644 03_17_2016_1458204826/users.json
warning: push.default is unset; its implicit value is changing in
Git 2.0 from 'matching' to 'simple'. To squelch this message
and maintain the current behavior after the default changes, use:

  git config --global push.default matching

To squelch this message and adopt the new behavior now, use:

  git config --global push.default simple

See 'git help config' and search for 'push.default' for further information.
(the 'simple' mode was introduced in Git 1.7.11. Use the similar mode
'current' instead of 'simple' if you sometimes use older versions of Git)

To https://lengsophy:sophyleng1267437611@github.com/lengsophy/jsonbackup.git
   1c8ec88..be90df1  master -> master
2016-03-17T08:55:56.277+0000	connected to: localhost
2016-03-17T08:55:56.278+0000	exported 17 records
2016-03-17T08:55:56.285+0000	connected to: localhost
2016-03-17T08:55:56.436+0000	exported 5834 records
2016-03-17T08:55:56.444+0000	connected to: localhost
2016-03-17T08:55:56.453+0000	exported 440 records
2016-03-17T08:55:56.460+0000	connected to: localhost
2016-03-17T08:55:56.461+0000	exported 7 records
2016-03-17T08:55:56.468+0000	connected to: localhost
2016-03-17T08:55:56.468+0000	exported 0 records
2016-03-17T08:55:56.475+0000	connected to: localhost
2016-03-17T08:55:56.478+0000	exported 80 records
2016-03-17T08:55:56.485+0000	connected to: localhost
2016-03-17T08:55:56.488+0000	exported 66 records
2016-03-17T08:55:56.495+0000	connected to: localhost
2016-03-17T08:55:56.560+0000	exported 876 records
2016-03-17T08:55:56.568+0000	connected to: localhost
2016-03-17T08:55:56.568+0000	exported 0 records
2016-03-17T08:55:56.575+0000	connected to: localhost
2016-03-17T08:55:56.577+0000	exported 21 records
2016-03-17T08:55:56.585+0000	connected to: localhost
2016-03-17T08:55:56.585+0000	exported 3 records
2016-03-17T08:55:56.592+0000	connected to: localhost
2016-03-17T08:55:56.593+0000	exported 31 records
2016-03-17T08:55:56.600+0000	connected to: localhost
2016-03-17T08:55:56.600+0000	exported 1 record
2016-03-17T08:55:56.607+0000	connected to: localhost
2016-03-17T08:55:56.611+0000	exported 163 records
2016-03-17T08:55:56.618+0000	connected to: localhost
2016-03-17T08:55:56.619+0000	exported 3 records
2016-03-17T08:55:56.626+0000	connected to: localhost
2016-03-17T08:55:56.626+0000	exported 1 record
2016-03-17T08:55:56.633+0000	connected to: localhost
2016-03-17T08:55:56.633+0000	exported 3 records
2016-03-17T08:55:56.641+0000	connected to: localhost
2016-03-17T08:55:56.641+0000	exported 4 records
2016-03-17T08:55:56.648+0000	connected to: localhost
2016-03-17T08:55:56.648+0000	exported 0 records
2016-03-17T08:55:56.656+0000	connected to: localhost
2016-03-17T08:55:56.656+0000	exported 0 records
2016-03-17T08:55:56.663+0000	connected to: localhost
2016-03-17T08:55:56.774+0000	exported 5157 records
2016-03-17T08:55:56.783+0000	connected to: localhost
2016-03-17T08:55:56.787+0000	exported 61 records
2016-03-17T08:55:56.794+0000	connected to: localhost
2016-03-17T08:55:56.975+0000	exported 848 records
2016-03-17T08:55:56.984+0000	connected to: localhost
2016-03-17T08:55:56.985+0000	exported 2 records
2016-03-17T08:55:56.992+0000	connected to: localhost
2016-03-17T08:55:56.997+0000	exported 133 records
2016-03-17T08:55:57.004+0000	connected to: localhost
2016-03-17T08:55:57.004+0000	exported 0 records
2016-03-17T08:55:57.011+0000	connected to: localhost
2016-03-17T08:55:57.012+0000	exported 2 records
2016-03-17T08:55:57.019+0000	connected to: localhost
2016-03-17T08:55:57.197+0000	exported 835 records
2016-03-17T08:55:57.205+0000	connected to: localhost
2016-03-17T08:55:57.206+0000	exported 6 records
2016-03-17T08:55:57.213+0000	connected to: localhost
2016-03-17T08:55:57.214+0000	exported 5 records
2016-03-17T08:55:57.221+0000	connected to: localhost
2016-03-17T08:55:57.221+0000	exported 1 record
2016-03-17T08:55:57.228+0000	connected to: localhost
2016-03-17T08:55:57.228+0000	exported 2 records
2016-03-17T08:55:57.235+0000	connected to: localhost
2016-03-17T08:56:00.117+0000	exported 115960 records
2016-03-17T08:56:00.127+0000	connected to: localhost
2016-03-17T08:56:00.145+0000	exported 667 records
2016-03-17T08:56:00.154+0000	connected to: localhost
2016-03-17T08:56:00.174+0000	exported 909 records
2016-03-17T08:56:00.182+0000	connected to: localhost
2016-03-17T08:56:00.203+0000	exported 751 records
2016-03-17T08:56:00.212+0000	connected to: localhost
2016-03-17T08:56:03.039+0000	exported 41524 records
2016-03-17T08:56:03.048+0000	connected to: localhost
2016-03-17T08:56:04.971+0000	exported 93960 records
